<?xml version="1.0" encoding="UTF-8"?>
<testsuite name="com.hello.core.scan.AutoAppConfigTest" tests="1" skipped="0" failures="0" errors="0" timestamp="2024-11-17T14:16:33" hostname="DESKTOP-08RG97G" time="0.663">
  <properties/>
  <testcase name="basicScan()" classname="com.hello.core.scan.AutoAppConfigTest" time="0.663"/>
  <system-out><![CDATA[]]></system-out>
  <system-err><![CDATA[]]></system-err>
</testsuite>
