<?xml version="1.0" encoding="UTF-8"?>
<testsuite name="com.hello.core.lifecycle.BeanLifeCycleTest" tests="1" skipped="0" failures="0" errors="0" timestamp="2024-12-03T23:08:09" hostname="DESKTOP-KE3OJFB" time="0.338">
  <properties/>
  <testcase name="lifeCycleTest()" classname="com.hello.core.lifecycle.BeanLifeCycleTest" time="0.338"/>
  <system-out><![CDATA[생성자 호출, url : null
connect : null
call : nullmessage : 초기화 연결 메시지
]]></system-out>
  <system-err><![CDATA[]]></system-err>
</testsuite>
