<?xml version="1.0" encoding="UTF-8"?>
<testsuite name="com.hello.core.xml.XmlAppContext" tests="1" skipped="0" failures="0" errors="0" timestamp="2024-11-17T08:19:28" hostname="DESKTOP-08RG97G" time="0.786">
  <properties/>
  <testcase name="xmlAppContext()" classname="com.hello.core.xml.XmlAppContext" time="0.786"/>
  <system-out><![CDATA[]]></system-out>
  <system-err><![CDATA[]]></system-err>
</testsuite>
