<?xml version="1.0" encoding="UTF-8"?>
<testsuite name="com.hello.core.singleton.ConfigurationSingletonTest" tests="1" skipped="0" failures="0" errors="0" timestamp="2024-11-17T11:23:18" hostname="DESKTOP-08RG97G" time="0.764">
  <properties/>
  <testcase name="configurationDeep()" classname="com.hello.core.singleton.ConfigurationSingletonTest" time="0.764"/>
  <system-out><![CDATA[call AppConfig.memberService
call AppConfig.memberRepository
call AppConfig.orderService
bean = class com.hello.core.AppConfig$$SpringCGLIB$$0
]]></system-out>
  <system-err><![CDATA[]]></system-err>
</testsuite>
