<?xml version="1.0" encoding="UTF-8"?>
<testsuite name="com.hello.core.order.OrderServiceImplTest" tests="1" skipped="0" failures="0" errors="0" timestamp="2024-12-01T23:11:47" hostname="DESKTOP-08RG97G" time="0.029">
  <properties/>
  <testcase name="createOrder()" classname="com.hello.core.order.OrderServiceImplTest" time="0.029"/>
  <system-out><![CDATA[]]></system-out>
  <system-err><![CDATA[]]></system-err>
</testsuite>
