<?xml version="1.0" encoding="UTF-8"?>
<testsuite name="com.hello.core.scope.SingletonWithPrototypeTest1" tests="1" skipped="0" failures="0" errors="0" timestamp="2024-12-10T10:43:14" hostname="DESKTOP-08RG97G" time="0.582">
  <properties/>
  <testcase name="singletonClientUsePrototype()" classname="com.hello.core.scope.SingletonWithPrototypeTest1" time="0.582"/>
  <system-out><![CDATA[PrototypeBean.init com.hello.core.scope.SingletonWithPrototypeTest1$PrototypeBean@63648ee9
PrototypeBean.init com.hello.core.scope.SingletonWithPrototypeTest1$PrototypeBean@2baa8d82
]]></system-out>
  <system-err><![CDATA[]]></system-err>
</testsuite>
