<?xml version="1.0" encoding="UTF-8"?>
<testsuite name="com.hello.core.scan.AutoAppConfigTest" tests="1" skipped="0" failures="1" errors="0" timestamp="2024-12-02T23:11:00" hostname="DESKTOP-08RG97G" time="0.561">
  <properties/>
  <testcase name="basicScan()" classname="com.hello.core.scan.AutoAppConfigTest" time="0.561">
    <failure message="org.springframework.beans.factory.UnsatisfiedDependencyException: Error creating bean with name 'orderServiceImpl' defined in file [E:\inflearn-workspace\SpringSolid\build\classes\java\main\com\hello\core\order\OrderServiceImpl.class]: Unsatisfied dependency expressed through constructor parameter 1: No qualifying bean of type 'com.hello.core.discount.DiscountPolicy' available: expected single matching bean but found 2: fixDiscountPolicy,rateDiscountPolicy" type="org.springframework.beans.factory.UnsatisfiedDependencyException">org.springframework.beans.factory.UnsatisfiedDependencyException: Error creating bean with name 'orderServiceImpl' defined in file [E:\inflearn-workspace\SpringSolid\build\classes\java\main\com\hello\core\order\OrderServiceImpl.class]: Unsatisfied dependency expressed through constructor parameter 1: No qualifying bean of type 'com.hello.core.discount.DiscountPolicy' available: expected single matching bean but found 2: fixDiscountPolicy,rateDiscountPolicy
	at app//org.springframework.beans.factory.support.ConstructorResolver.createArgumentArray(ConstructorResolver.java:795)
	at app//org.springframework.beans.factory.support.ConstructorResolver.autowireConstructor(ConstructorResolver.java:237)
	at app//org.springframework.beans.factory.support.AbstractAutowireCapableBeanFactory.autowireConstructor(AbstractAutowireCapableBeanFactory.java:1375)
	at app//org.springframework.beans.factory.support.AbstractAutowireCapableBeanFactory.createBeanInstance(AbstractAutowireCapableBeanFactory.java:1212)
	at app//org.springframework.beans.factory.support.AbstractAutowireCapableBeanFactory.doCreateBean(AbstractAutowireCapableBeanFactory.java:562)
	at app//org.springframework.beans.factory.support.AbstractAutowireCapableBeanFactory.createBean(AbstractAutowireCapableBeanFactory.java:522)
	at app//org.springframework.beans.factory.support.AbstractBeanFactory.lambda$doGetBean$0(AbstractBeanFactory.java:337)
	at app//org.springframework.beans.factory.support.DefaultSingletonBeanRegistry.getSingleton(DefaultSingletonBeanRegistry.java:234)
	at app//org.springframework.beans.factory.support.AbstractBeanFactory.doGetBean(AbstractBeanFactory.java:335)
	at app//org.springframework.beans.factory.support.AbstractBeanFactory.getBean(AbstractBeanFactory.java:200)
	at app//org.springframework.beans.factory.support.DefaultListableBeanFactory.preInstantiateSingletons(DefaultListableBeanFactory.java:975)
	at app//org.springframework.context.support.AbstractApplicationContext.finishBeanFactoryInitialization(AbstractApplicationContext.java:971)
	at app//org.springframework.context.support.AbstractApplicationContext.refresh(AbstractApplicationContext.java:625)
	at app//org.springframework.context.annotation.AnnotationConfigApplicationContext.&lt;init&gt;(AnnotationConfigApplicationContext.java:93)
	at app//com.hello.core.scan.AutoAppConfigTest.basicScan(AutoAppConfigTest.java:16)
	at java.base@17.0.12/java.lang.reflect.Method.invoke(Method.java:569)
	at java.base@17.0.12/java.util.ArrayList.forEach(ArrayList.java:1511)
	at java.base@17.0.12/java.util.ArrayList.forEach(ArrayList.java:1511)
Caused by: org.springframework.beans.factory.NoUniqueBeanDefinitionException: No qualifying bean of type 'com.hello.core.discount.DiscountPolicy' available: expected single matching bean but found 2: fixDiscountPolicy,rateDiscountPolicy
	at app//org.springframework.beans.factory.config.DependencyDescriptor.resolveNotUnique(DependencyDescriptor.java:218)
	at app//org.springframework.beans.factory.support.DefaultListableBeanFactory.doResolveDependency(DefaultListableBeanFactory.java:1420)
	at app//org.springframework.beans.factory.support.DefaultListableBeanFactory.resolveDependency(DefaultListableBeanFactory.java:1353)
	at app//org.springframework.beans.factory.support.ConstructorResolver.resolveAutowiredArgument(ConstructorResolver.java:904)
	at app//org.springframework.beans.factory.support.ConstructorResolver.createArgumentArray(ConstructorResolver.java:782)
	... 17 more
</failure>
  </testcase>
  <system-out><![CDATA[08:11:01.160 [Test worker] WARN org.springframework.context.annotation.AnnotationConfigApplicationContext -- Exception encountered during context initialization - cancelling refresh attempt: org.springframework.beans.factory.UnsatisfiedDependencyException: Error creating bean with name 'orderServiceImpl' defined in file [E:\inflearn-workspace\SpringSolid\build\classes\java\main\com\hello\core\order\OrderServiceImpl.class]: Unsatisfied dependency expressed through constructor parameter 1: No qualifying bean of type 'com.hello.core.discount.DiscountPolicy' available: expected single matching bean but found 2: fixDiscountPolicy,rateDiscountPolicy
]]></system-out>
  <system-err><![CDATA[]]></system-err>
</testsuite>
